SF:lib/src/formatters/altura_input_formatter.dart
DA:5,1
DA:9,3
DA:12,2
DA:13,3
DA:14,1
DA:19,1
DA:22,3
DA:23,7
DA:24,3
DA:25,5
DA:28,1
DA:29,1
DA:30,2
LF:13
LH:13
end_of_record
SF:lib/src/formatters/cartao_bancario_input_formatter.dart
DA:5,2
DA:9,6
DA:11,4
DA:12,2
DA:13,8
DA:15,6
DA:16,2
DA:18,3
DA:21,6
DA:24,2
DA:25,2
DA:26,2
LF:12
LH:12
end_of_record
SF:lib/src/formatters/centavos_input_formatter.dart
DA:9,1
DA:10,3
DA:11,0
DA:16,1
DA:19,5
DA:21,1
DA:23,1
DA:24,2
DA:26,2
DA:27,6
DA:28,3
DA:29,1
DA:30,4
DA:31,4
DA:34,1
DA:39,1
DA:44,3
DA:45,1
DA:46,1
DA:47,0
DA:49,1
DA:51,1
DA:52,1
DA:53,2
DA:58,2
DA:59,2
DA:60,1
DA:62,1
DA:66,2
DA:67,2
DA:68,1
DA:70,0
DA:74,1
DA:75,1
DA:80,1
DA:81,0
DA:83,1
DA:86,1
DA:87,0
DA:89,1
DA:91,1
DA:92,1
DA:93,2
LF:43
LH:38
end_of_record
SF:lib/src/formatters/cep_input_formatter.dart
DA:9,2
DA:11,2
DA:15,6
DA:17,2
DA:18,4
DA:20,8
DA:21,4
DA:22,2
DA:23,3
DA:25,2
DA:26,2
DA:27,3
DA:29,6
DA:32,2
DA:33,2
DA:34,2
LF:16
LH:16
end_of_record
SF:lib/src/formatters/cest_input_formatter.dart
DA:5,2
DA:9,6
DA:11,4
DA:13,2
DA:15,6
DA:16,8
DA:17,7
DA:20,6
DA:21,8
DA:22,7
DA:25,6
DA:26,6
DA:29,2
DA:30,2
DA:31,2
LF:15
LH:15
end_of_record
SF:lib/src/formatters/cnpj_input_formatter.dart
DA:8,2
DA:11,2
DA:14,4
DA:16,4
DA:18,4
DA:20,2
DA:22,2
DA:23,8
DA:24,7
DA:26,2
DA:27,8
DA:28,7
DA:30,2
DA:31,8
DA:32,7
DA:34,2
DA:35,8
DA:36,7
DA:38,2
DA:39,6
DA:42,2
DA:43,2
DA:44,2
LF:23
LH:23
end_of_record
SF:lib/src/formatters/cns_formatter.dart
DA:5,2
DA:9,6
DA:11,4
DA:13,2
DA:15,6
DA:16,8
DA:17,7
DA:19,6
DA:20,8
DA:21,7
DA:23,6
DA:24,8
DA:25,7
DA:27,6
DA:28,6
DA:31,2
DA:32,2
DA:33,2
LF:18
LH:18
end_of_record
SF:lib/src/formatters/compound_formatters/cpf_ou_cpnj_formatter.dart
DA:6,5
LF:1
LH:1
end_of_record
SF:lib/src/formatters/cpf_input_formatter.dart
DA:8,2
DA:11,2
DA:15,8
DA:17,4
DA:19,2
DA:21,6
DA:22,8
DA:23,7
DA:25,6
DA:26,8
DA:27,7
DA:29,6
DA:30,8
DA:31,7
DA:33,6
DA:34,6
DA:37,2
DA:38,2
DA:39,2
LF:19
LH:19
end_of_record
SF:lib/src/formatters/data_input_formatter.dart
DA:5,1
DA:9,3
DA:11,2
DA:13,1
DA:15,3
DA:16,4
DA:17,4
DA:19,3
DA:20,4
DA:21,4
DA:23,3
DA:24,3
DA:27,1
DA:28,1
DA:29,1
LF:15
LH:15
end_of_record
SF:lib/src/formatters/hora_input_formatter.dart
DA:5,1
DA:9,3
DA:11,2
DA:13,1
DA:15,2
DA:16,1
DA:17,0
DA:18,0
DA:20,1
DA:21,0
DA:22,0
DA:24,1
DA:25,0
DA:26,0
DA:27,0
DA:28,0
DA:30,1
DA:31,3
DA:32,1
DA:33,4
DA:34,4
DA:38,3
DA:39,3
DA:42,1
DA:43,1
DA:44,1
LF:26
LH:18
end_of_record
SF:lib/src/formatters/iof_input_formatter.dart
DA:5,2
DA:8,4
DA:11,2
DA:13,2
DA:15,2
DA:17,2
DA:19,10
DA:22,2
DA:23,2
DA:24,4
LF:10
LH:10
end_of_record
SF:lib/src/formatters/km_input_formatter.dart
DA:5,1
DA:9,3
DA:11,2
DA:13,1
DA:15,2
DA:16,1
DA:17,1
DA:18,5
DA:19,1
DA:21,1
DA:22,1
DA:23,5
DA:24,1
DA:26,1
DA:27,1
DA:28,5
DA:29,1
DA:34,3
DA:35,3
DA:38,1
DA:39,1
DA:40,1
LF:22
LH:22
end_of_record
SF:lib/src/formatters/ncm_input_formatter.dart
DA:5,1
DA:9,3
DA:11,2
DA:13,1
DA:15,3
DA:16,4
DA:17,4
DA:19,3
DA:20,4
DA:21,4
DA:24,3
DA:25,3
DA:28,1
DA:29,1
DA:30,1
LF:15
LH:15
end_of_record
SF:lib/src/formatters/peso_input_formatter.dart
DA:5,1
DA:9,3
DA:11,2
DA:13,1
DA:15,2
DA:16,1
DA:17,4
DA:18,4
DA:20,1
DA:21,4
DA:22,4
DA:26,3
DA:27,3
DA:30,1
DA:31,1
DA:32,1
LF:16
LH:16
end_of_record
SF:lib/src/formatters/placa_veiculo_formatter.dart
DA:8,1
DA:12,3
DA:14,2
DA:16,1
DA:18,3
DA:19,0
DA:20,0
DA:22,0
DA:23,0
DA:24,0
DA:28,3
DA:29,3
DA:32,1
DA:33,2
DA:34,1
LF:15
LH:10
end_of_record
SF:lib/src/formatters/real_input_formatter.dart
DA:8,2
DA:12,2
DA:16,6
DA:18,4
DA:20,2
DA:22,2
DA:23,4
DA:25,6
DA:28,2
DA:29,2
DA:30,4
LF:11
LH:11
end_of_record
SF:lib/src/formatters/telefone_input_formatter.dart
DA:7,1
DA:10,2
DA:13,1
DA:16,1
DA:17,4
DA:22,2
DA:24,1
DA:26,1
DA:27,1
DA:28,4
DA:31,1
DA:32,4
DA:33,4
DA:36,3
DA:37,1
DA:38,4
DA:39,4
DA:42,1
DA:43,4
DA:44,4
DA:48,1
DA:49,3
DA:52,1
DA:53,1
DA:54,1
LF:25
LH:25
end_of_record
SF:lib/src/formatters/temperatura_input_formatter.dart
DA:5,1
DA:10,2
DA:12,1
DA:15,2
DA:17,1
DA:20,1
DA:21,0
DA:22,0
DA:24,1
DA:25,4
DA:26,4
DA:30,1
DA:31,3
DA:34,1
DA:35,1
DA:36,1
LF:16
LH:14
end_of_record
SF:lib/src/formatters/validade_cartao_input_formatter.dart
DA:11,1
DA:12,2
DA:13,0
DA:15,1
DA:18,2
DA:20,2
DA:24,2
DA:26,1
DA:28,1
DA:29,4
DA:30,4
DA:33,1
DA:34,3
DA:37,1
DA:38,1
DA:39,1
LF:16
LH:15
end_of_record
SF:lib/src/modelos/meses.dart
DA:6,0
DA:21,0
LF:2
LH:0
end_of_record
SF:lib/src/modelos/semana.dart
DA:19,0
DA:27,0
DA:35,0
DA:62,0
DA:72,0
DA:82,0
LF:6
LH:0
end_of_record
SF:lib/src/util/extensores.dart
DA:5,1
DA:6,6
DA:10,3
DA:15,2
DA:17,1
DA:22,1
DA:23,2
DA:28,1
DA:29,6
DA:33,3
DA:38,2
DA:40,1
DA:45,1
DA:46,2
LF:14
LH:14
end_of_record
SF:lib/src/util/util_brasil_fields.dart
DA:6,1
DA:7,2
DA:8,2
DA:12,1
DA:13,2
DA:14,1
DA:18,1
DA:19,2
DA:20,1
DA:21,3
DA:29,1
DA:31,3
DA:34,3
DA:35,5
DA:43,1
DA:45,3
DA:47,1
DA:50,5
DA:53,2
DA:54,0
DA:55,4
DA:57,5
DA:60,2
DA:61,0
DA:62,3
DA:66,1
DA:67,3
DA:70,1
DA:74,2
DA:77,2
DA:80,0
DA:81,0
DA:84,0
DA:85,0
DA:88,1
DA:89,1
DA:90,1
DA:94,1
DA:95,1
DA:96,1
DA:100,1
DA:103,1
DA:105,2
DA:108,1
DA:109,1
DA:111,3
DA:112,1
DA:115,1
DA:119,1
DA:126,1
DA:128,2
DA:129,1
DA:130,1
DA:131,1
DA:132,5
DA:133,1
DA:134,6
DA:135,1
DA:136,7
DA:138,1
LF:60
LH:54
end_of_record
SF:lib/src/util/util_data.dart
DA:7,0
DA:8,0
DA:12,0
DA:13,0
DA:15,0
DA:16,0
DA:18,0
DA:22,0
DA:26,1
DA:27,1
DA:28,2
DA:32,1
DA:33,1
DA:34,2
DA:38,1
DA:39,1
DA:40,2
DA:44,1
DA:45,1
DA:46,2
DA:50,1
DA:51,1
DA:52,2
DA:56,0
DA:57,0
DA:59,0
DA:60,0
DA:61,0
DA:62,0
DA:63,0
DA:67,0
DA:70,0
DA:75,0
DA:76,0
DA:77,0
DA:78,0
DA:79,0
DA:80,0
DA:82,0
DA:87,0
DA:90,0
DA:97,1
DA:98,1
DA:99,2
DA:105,1
DA:106,1
DA:107,3
DA:113,1
DA:114,1
DA:115,2
LF:50
LH:24
end_of_record
SF:lib/src/formatters/adiciona_separador.dart
DA:1,3
DA:4,15
DA:5,3
DA:6,3
DA:9,3
DA:10,6
LF:6
LH:6
end_of_record
SF:lib/src/formatters/compound_formatters/compound_formatter.dart
DA:11,1
DA:12,2
DA:13,3
DA:15,1
DA:18,3
DA:19,2
DA:20,1
DA:21,1
DA:22,0
DA:23,0
DA:25,1
LF:11
LH:9
end_of_record
SF:lib/src/validators/cnpj_validator.dart
DA:24,2
DA:28,14
DA:32,4
DA:33,4
DA:34,4
DA:37,2
DA:39,4
DA:42,2
DA:43,2
DA:45,4
DA:46,14
DA:49,2
DA:50,2
DA:53,2
DA:56,2
DA:58,2
DA:62,2
DA:67,4
DA:72,2
DA:76,2
DA:77,6
DA:78,6
DA:80,8
DA:81,6
DA:84,1
DA:87,2
DA:88,4
DA:91,3
DA:92,3
DA:94,1
LF:30
LH:30
end_of_record
SF:lib/src/validators/cpf_validator.dart
DA:25,2
DA:27,10
DA:29,4
DA:31,2
DA:33,6
DA:34,8
DA:37,8
DA:39,4
DA:42,2
DA:43,2
DA:45,4
DA:46,12
DA:49,2
DA:50,2
DA:53,2
DA:56,2
DA:58,2
DA:62,2
DA:67,4
DA:72,2
DA:76,2
DA:77,6
DA:78,6
DA:80,8
DA:81,6
DA:84,1
DA:87,2
DA:88,4
DA:91,3
DA:92,3
DA:94,1
LF:31
LH:31
end_of_record
